Terminals unused in grammar

   LE
   ERROR
   '>'


State 10 conflicts: 1 shift/reduce
State 16 conflicts: 1 shift/reduce
State 17 conflicts: 1 shift/reduce
State 51 conflicts: 15 shift/reduce
State 62 conflicts: 3 shift/reduce
State 64 conflicts: 15 shift/reduce
State 65 conflicts: 9 shift/reduce
State 66 conflicts: 3 shift/reduce
State 86 conflicts: 9 shift/reduce
State 92 conflicts: 3 shift/reduce
State 93 conflicts: 3 shift/reduce
State 94 conflicts: 3 shift/reduce
State 95 conflicts: 3 shift/reduce
State 96 conflicts: 3 shift/reduce
State 97 conflicts: 3 shift/reduce
State 100 conflicts: 9 shift/reduce
State 111 conflicts: 15 shift/reduce
State 127 conflicts: 9 shift/reduce
State 131 conflicts: 15 shift/reduce
State 137 conflicts: 9 shift/reduce


Grammar

    0 $accept: program $end

    1 program: class_list

    2 class_list: class
    3           | class_list class

    4 class: CLASS TYPEID '{' feature_list '}' ';'
    5      | CLASS TYPEID INHERITS TYPEID '{' feature_list '}' ';'
    6      | CLASS TYPEID error TYPEID '{' feature_list '}' ';'

    7 feature_list: /* empty */
    8             | feature
    9             | feature_list feature

   10 feature: OBJECTID ':' TYPEID ';'
   11        | OBJECTID ':' TYPEID ASSIGN expression ';'
   12        | OBJECTID '(' formal_list ')' ':' TYPEID '{' expression '}' ';'

   13 formal_list: /* empty */
   14            | formal
   15            | formal_list ',' formal

   16 formal: OBJECTID ':' TYPEID

   17 expression: OBJECTID ASSIGN expression
   18           | expression '.' OBJECTID '(' expression_list ')'
   19           | expression '@' TYPEID '.' OBJECTID '(' expression_list ')'
   20           | OBJECTID '(' expression_list ')'
   21           | IF expression THEN expression ELSE expression FI
   22           | WHILE expression LOOP expression POOL
   23           | WHILE expression LOOP expression error
   24           | WHILE expression error expression POOL
   25           | '{' expression_list '}'
   26           | LET OBJECTID ':' TYPEID IN expression
   27           | LET OBJECTID ':' TYPEID ASSIGN expression IN expression
   28           | CASE expression OF case_list ESAC
   29           | NEW TYPEID
   30           | ISVOID expression
   31           | expression '+' expression
   32           | expression '-' expression
   33           | expression '*' expression
   34           | expression '/' expression
   35           | '~' expression
   36           | expression '<' expression
   37           | expression "<=" expression
   38           | expression '=' expression
   39           | NOT expression
   40           | '(' expression ')'
   41           | OBJECTID
   42           | INT_CONST
   43           | STR_CONST
   44           | BOOL_CONST
   45           | error

   46 expression_list: /* empty */
   47                | expression ';'
   48                | expression_list expression ';'

   49 case_list: case
   50          | case_list case

   51 case: OBJECTID ':' TYPEID DARROW expression ';'


Terminals, with rules where they appear

$end (0) 0
'(' (40) 12 18 19 20 40
')' (41) 12 18 19 20 40
'*' (42) 33
'+' (43) 31
',' (44) 15
'-' (45) 32
'.' (46) 18 19
'/' (47) 34
':' (58) 10 11 12 16 26 27 51
';' (59) 4 5 6 10 11 12 47 48 51
'<' (60) 36
'=' (61) 38
'>' (62)
'@' (64) 19
'{' (123) 4 5 6 12 25
'}' (125) 4 5 6 12 25
'~' (126) 35
error (256) 6 23 24 45
CLASS (258) 4 5 6
ELSE (259) 21
FI (260) 21
IF (261) 21
IN (262) 26 27
INHERITS (263) 5
LET (264) 26 27
LOOP (265) 22 23
POOL (266) 22 24
THEN (267) 21
WHILE (268) 22 23 24
CASE (269) 28
ESAC (270) 28
OF (271) 28
DARROW (272) 51
NEW (273) 29
ISVOID (274) 30
STR_CONST (275) 43
INT_CONST (276) 42
BOOL_CONST (277) 44
TYPEID (278) 4 5 6 10 11 12 16 19 26 27 29 51
OBJECTID (279) 10 11 12 16 17 18 19 20 26 27 41 51
ASSIGN (280) 11 17 27
NOT (281) 39
LE (282)
ERROR (283)
"<=" (285) 37


Nonterminals, with rules where they appear

$accept (47)
    on left: 0
program (48)
    on left: 1, on right: 0
class_list (49)
    on left: 2 3, on right: 1 3
class (50)
    on left: 4 5 6, on right: 2 3
feature_list (51)
    on left: 7 8 9, on right: 4 5 6 9
feature (52)
    on left: 10 11 12, on right: 8 9
formal_list (53)
    on left: 13 14 15, on right: 12 15
formal (54)
    on left: 16, on right: 14 15
expression (55)
    on left: 17 18 19 20 21 22 23 24 25 26 27 28 29 30 31 32 33 34
    35 36 37 38 39 40 41 42 43 44 45, on right: 11 12 17 18 19 21 22
    23 24 26 27 28 30 31 32 33 34 35 36 37 38 39 40 47 48 51
expression_list (56)
    on left: 46 47 48, on right: 18 19 20 25 48
case_list (57)
    on left: 49 50, on right: 28 50
case (58)
    on left: 51, on right: 49 50


state 0

    0 $accept: . program $end

    CLASS  shift, and go to state 1

    program     go to state 2
    class_list  go to state 3
    class       go to state 4


state 1

    4 class: CLASS . TYPEID '{' feature_list '}' ';'
    5      | CLASS . TYPEID INHERITS TYPEID '{' feature_list '}' ';'
    6      | CLASS . TYPEID error TYPEID '{' feature_list '}' ';'

    TYPEID  shift, and go to state 5


state 2

    0 $accept: program . $end

    $end  shift, and go to state 6


state 3

    1 program: class_list .
    3 class_list: class_list . class

    CLASS  shift, and go to state 1

    $default  reduce using rule 1 (program)

    class  go to state 7


state 4

    2 class_list: class .

    $default  reduce using rule 2 (class_list)


state 5

    4 class: CLASS TYPEID . '{' feature_list '}' ';'
    5      | CLASS TYPEID . INHERITS TYPEID '{' feature_list '}' ';'
    6      | CLASS TYPEID . error TYPEID '{' feature_list '}' ';'

    error     shift, and go to state 8
    INHERITS  shift, and go to state 9
    '{'       shift, and go to state 10


state 6

    0 $accept: program $end .

    $default  accept


state 7

    3 class_list: class_list class .

    $default  reduce using rule 3 (class_list)


state 8

    6 class: CLASS TYPEID error . TYPEID '{' feature_list '}' ';'

    TYPEID  shift, and go to state 11


state 9

    5 class: CLASS TYPEID INHERITS . TYPEID '{' feature_list '}' ';'

    TYPEID  shift, and go to state 12


state 10

    4 class: CLASS TYPEID '{' . feature_list '}' ';'

    OBJECTID  shift, and go to state 13

    OBJECTID  [reduce using rule 7 (feature_list)]
    $default  reduce using rule 7 (feature_list)

    feature_list  go to state 14
    feature       go to state 15


state 11

    6 class: CLASS TYPEID error TYPEID . '{' feature_list '}' ';'

    '{'  shift, and go to state 16


state 12

    5 class: CLASS TYPEID INHERITS TYPEID . '{' feature_list '}' ';'

    '{'  shift, and go to state 17


state 13

   10 feature: OBJECTID . ':' TYPEID ';'
   11        | OBJECTID . ':' TYPEID ASSIGN expression ';'
   12        | OBJECTID . '(' formal_list ')' ':' TYPEID '{' expression '}' ';'

    ':'  shift, and go to state 18
    '('  shift, and go to state 19


state 14

    4 class: CLASS TYPEID '{' feature_list . '}' ';'
    9 feature_list: feature_list . feature

    OBJECTID  shift, and go to state 13
    '}'       shift, and go to state 20

    feature  go to state 21


state 15

    8 feature_list: feature .

    $default  reduce using rule 8 (feature_list)


state 16

    6 class: CLASS TYPEID error TYPEID '{' . feature_list '}' ';'

    OBJECTID  shift, and go to state 13

    OBJECTID  [reduce using rule 7 (feature_list)]
    $default  reduce using rule 7 (feature_list)

    feature_list  go to state 22
    feature       go to state 15


state 17

    5 class: CLASS TYPEID INHERITS TYPEID '{' . feature_list '}' ';'

    OBJECTID  shift, and go to state 13

    OBJECTID  [reduce using rule 7 (feature_list)]
    $default  reduce using rule 7 (feature_list)

    feature_list  go to state 23
    feature       go to state 15


state 18

   10 feature: OBJECTID ':' . TYPEID ';'
   11        | OBJECTID ':' . TYPEID ASSIGN expression ';'

    TYPEID  shift, and go to state 24


state 19

   12 feature: OBJECTID '(' . formal_list ')' ':' TYPEID '{' expression '}' ';'

    OBJECTID  shift, and go to state 25

    $default  reduce using rule 13 (formal_list)

    formal_list  go to state 26
    formal       go to state 27


state 20

    4 class: CLASS TYPEID '{' feature_list '}' . ';'

    ';'  shift, and go to state 28


state 21

    9 feature_list: feature_list feature .

    $default  reduce using rule 9 (feature_list)


state 22

    6 class: CLASS TYPEID error TYPEID '{' feature_list . '}' ';'
    9 feature_list: feature_list . feature

    OBJECTID  shift, and go to state 13
    '}'       shift, and go to state 29

    feature  go to state 21


state 23

    5 class: CLASS TYPEID INHERITS TYPEID '{' feature_list . '}' ';'
    9 feature_list: feature_list . feature

    OBJECTID  shift, and go to state 13
    '}'       shift, and go to state 30

    feature  go to state 21


state 24

   10 feature: OBJECTID ':' TYPEID . ';'
   11        | OBJECTID ':' TYPEID . ASSIGN expression ';'

    ASSIGN  shift, and go to state 31
    ';'     shift, and go to state 32


state 25

   16 formal: OBJECTID . ':' TYPEID

    ':'  shift, and go to state 33


state 26

   12 feature: OBJECTID '(' formal_list . ')' ':' TYPEID '{' expression '}' ';'
   15 formal_list: formal_list . ',' formal

    ')'  shift, and go to state 34
    ','  shift, and go to state 35


state 27

   14 formal_list: formal .

    $default  reduce using rule 14 (formal_list)


state 28

    4 class: CLASS TYPEID '{' feature_list '}' ';' .

    $default  reduce using rule 4 (class)


state 29

    6 class: CLASS TYPEID error TYPEID '{' feature_list '}' . ';'

    ';'  shift, and go to state 36


state 30

    5 class: CLASS TYPEID INHERITS TYPEID '{' feature_list '}' . ';'

    ';'  shift, and go to state 37


state 31

   11 feature: OBJECTID ':' TYPEID ASSIGN . expression ';'

    error       shift, and go to state 38
    IF          shift, and go to state 39
    LET         shift, and go to state 40
    WHILE       shift, and go to state 41
    CASE        shift, and go to state 42
    NEW         shift, and go to state 43
    ISVOID      shift, and go to state 44
    STR_CONST   shift, and go to state 45
    INT_CONST   shift, and go to state 46
    BOOL_CONST  shift, and go to state 47
    OBJECTID    shift, and go to state 48
    NOT         shift, and go to state 49
    '~'         shift, and go to state 50
    '{'         shift, and go to state 51
    '('         shift, and go to state 52

    expression  go to state 53


state 32

   10 feature: OBJECTID ':' TYPEID ';' .

    $default  reduce using rule 10 (feature)


state 33

   16 formal: OBJECTID ':' . TYPEID

    TYPEID  shift, and go to state 54


state 34

   12 feature: OBJECTID '(' formal_list ')' . ':' TYPEID '{' expression '}' ';'

    ':'  shift, and go to state 55


state 35

   15 formal_list: formal_list ',' . formal

    OBJECTID  shift, and go to state 25

    formal  go to state 56


state 36

    6 class: CLASS TYPEID error TYPEID '{' feature_list '}' ';' .

    $default  reduce using rule 6 (class)


state 37

    5 class: CLASS TYPEID INHERITS TYPEID '{' feature_list '}' ';' .

    $default  reduce using rule 5 (class)


state 38

   45 expression: error .

    $default  reduce using rule 45 (expression)


state 39

   21 expression: IF . expression THEN expression ELSE expression FI

    error       shift, and go to state 38
    IF          shift, and go to state 39
    LET         shift, and go to state 40
    WHILE       shift, and go to state 41
    CASE        shift, and go to state 42
    NEW         shift, and go to state 43
    ISVOID      shift, and go to state 44
    STR_CONST   shift, and go to state 45
    INT_CONST   shift, and go to state 46
    BOOL_CONST  shift, and go to state 47
    OBJECTID    shift, and go to state 48
    NOT         shift, and go to state 49
    '~'         shift, and go to state 50
    '{'         shift, and go to state 51
    '('         shift, and go to state 52

    expression  go to state 57


state 40

   26 expression: LET . OBJECTID ':' TYPEID IN expression
   27           | LET . OBJECTID ':' TYPEID ASSIGN expression IN expression

    OBJECTID  shift, and go to state 58


state 41

   22 expression: WHILE . expression LOOP expression POOL
   23           | WHILE . expression LOOP expression error
   24           | WHILE . expression error expression POOL

    error       shift, and go to state 38
    IF          shift, and go to state 39
    LET         shift, and go to state 40
    WHILE       shift, and go to state 41
    CASE        shift, and go to state 42
    NEW         shift, and go to state 43
    ISVOID      shift, and go to state 44
    STR_CONST   shift, and go to state 45
    INT_CONST   shift, and go to state 46
    BOOL_CONST  shift, and go to state 47
    OBJECTID    shift, and go to state 48
    NOT         shift, and go to state 49
    '~'         shift, and go to state 50
    '{'         shift, and go to state 51
    '('         shift, and go to state 52

    expression  go to state 59


state 42

   28 expression: CASE . expression OF case_list ESAC

    error       shift, and go to state 38
    IF          shift, and go to state 39
    LET         shift, and go to state 40
    WHILE       shift, and go to state 41
    CASE        shift, and go to state 42
    NEW         shift, and go to state 43
    ISVOID      shift, and go to state 44
    STR_CONST   shift, and go to state 45
    INT_CONST   shift, and go to state 46
    BOOL_CONST  shift, and go to state 47
    OBJECTID    shift, and go to state 48
    NOT         shift, and go to state 49
    '~'         shift, and go to state 50
    '{'         shift, and go to state 51
    '('         shift, and go to state 52

    expression  go to state 60


state 43

   29 expression: NEW . TYPEID

    TYPEID  shift, and go to state 61


state 44

   30 expression: ISVOID . expression

    error       shift, and go to state 38
    IF          shift, and go to state 39
    LET         shift, and go to state 40
    WHILE       shift, and go to state 41
    CASE        shift, and go to state 42
    NEW         shift, and go to state 43
    ISVOID      shift, and go to state 44
    STR_CONST   shift, and go to state 45
    INT_CONST   shift, and go to state 46
    BOOL_CONST  shift, and go to state 47
    OBJECTID    shift, and go to state 48
    NOT         shift, and go to state 49
    '~'         shift, and go to state 50
    '{'         shift, and go to state 51
    '('         shift, and go to state 52

    expression  go to state 62


state 45

   43 expression: STR_CONST .

    $default  reduce using rule 43 (expression)


state 46

   42 expression: INT_CONST .

    $default  reduce using rule 42 (expression)


state 47

   44 expression: BOOL_CONST .

    $default  reduce using rule 44 (expression)


state 48

   17 expression: OBJECTID . ASSIGN expression
   20           | OBJECTID . '(' expression_list ')'
   41           | OBJECTID .

    ASSIGN  shift, and go to state 63
    '('     shift, and go to state 64

    $default  reduce using rule 41 (expression)


state 49

   39 expression: NOT . expression

    error       shift, and go to state 38
    IF          shift, and go to state 39
    LET         shift, and go to state 40
    WHILE       shift, and go to state 41
    CASE        shift, and go to state 42
    NEW         shift, and go to state 43
    ISVOID      shift, and go to state 44
    STR_CONST   shift, and go to state 45
    INT_CONST   shift, and go to state 46
    BOOL_CONST  shift, and go to state 47
    OBJECTID    shift, and go to state 48
    NOT         shift, and go to state 49
    '~'         shift, and go to state 50
    '{'         shift, and go to state 51
    '('         shift, and go to state 52

    expression  go to state 65


state 50

   35 expression: '~' . expression

    error       shift, and go to state 38
    IF          shift, and go to state 39
    LET         shift, and go to state 40
    WHILE       shift, and go to state 41
    CASE        shift, and go to state 42
    NEW         shift, and go to state 43
    ISVOID      shift, and go to state 44
    STR_CONST   shift, and go to state 45
    INT_CONST   shift, and go to state 46
    BOOL_CONST  shift, and go to state 47
    OBJECTID    shift, and go to state 48
    NOT         shift, and go to state 49
    '~'         shift, and go to state 50
    '{'         shift, and go to state 51
    '('         shift, and go to state 52

    expression  go to state 66


state 51

   25 expression: '{' . expression_list '}'

    error       shift, and go to state 38
    IF          shift, and go to state 39
    LET         shift, and go to state 40
    WHILE       shift, and go to state 41
    CASE        shift, and go to state 42
    NEW         shift, and go to state 43
    ISVOID      shift, and go to state 44
    STR_CONST   shift, and go to state 45
    INT_CONST   shift, and go to state 46
    BOOL_CONST  shift, and go to state 47
    OBJECTID    shift, and go to state 48
    NOT         shift, and go to state 49
    '~'         shift, and go to state 50
    '{'         shift, and go to state 51
    '('         shift, and go to state 52

    error       [reduce using rule 46 (expression_list)]
    IF          [reduce using rule 46 (expression_list)]
    LET         [reduce using rule 46 (expression_list)]
    WHILE       [reduce using rule 46 (expression_list)]
    CASE        [reduce using rule 46 (expression_list)]
    NEW         [reduce using rule 46 (expression_list)]
    ISVOID      [reduce using rule 46 (expression_list)]
    STR_CONST   [reduce using rule 46 (expression_list)]
    INT_CONST   [reduce using rule 46 (expression_list)]
    BOOL_CONST  [reduce using rule 46 (expression_list)]
    OBJECTID    [reduce using rule 46 (expression_list)]
    NOT         [reduce using rule 46 (expression_list)]
    '~'         [reduce using rule 46 (expression_list)]
    '{'         [reduce using rule 46 (expression_list)]
    '}'         reduce using rule 46 (expression_list)
    '('         [reduce using rule 46 (expression_list)]

    expression       go to state 67
    expression_list  go to state 68


state 52

   40 expression: '(' . expression ')'

    error       shift, and go to state 38
    IF          shift, and go to state 39
    LET         shift, and go to state 40
    WHILE       shift, and go to state 41
    CASE        shift, and go to state 42
    NEW         shift, and go to state 43
    ISVOID      shift, and go to state 44
    STR_CONST   shift, and go to state 45
    INT_CONST   shift, and go to state 46
    BOOL_CONST  shift, and go to state 47
    OBJECTID    shift, and go to state 48
    NOT         shift, and go to state 49
    '~'         shift, and go to state 50
    '{'         shift, and go to state 51
    '('         shift, and go to state 52

    expression  go to state 69


state 53

   11 feature: OBJECTID ':' TYPEID ASSIGN expression . ';'
   18 expression: expression . '.' OBJECTID '(' expression_list ')'
   19           | expression . '@' TYPEID '.' OBJECTID '(' expression_list ')'
   31           | expression . '+' expression
   32           | expression . '-' expression
   33           | expression . '*' expression
   34           | expression . '/' expression
   36           | expression . '<' expression
   37           | expression . "<=" expression
   38           | expression . '=' expression

    '<'   shift, and go to state 70
    '='   shift, and go to state 71
    '+'   shift, and go to state 72
    '-'   shift, and go to state 73
    '*'   shift, and go to state 74
    '/'   shift, and go to state 75
    ';'   shift, and go to state 76
    '.'   shift, and go to state 77
    '@'   shift, and go to state 78
    "<="  shift, and go to state 79


state 54

   16 formal: OBJECTID ':' TYPEID .

    $default  reduce using rule 16 (formal)


state 55

   12 feature: OBJECTID '(' formal_list ')' ':' . TYPEID '{' expression '}' ';'

    TYPEID  shift, and go to state 80


state 56

   15 formal_list: formal_list ',' formal .

    $default  reduce using rule 15 (formal_list)


state 57

   18 expression: expression . '.' OBJECTID '(' expression_list ')'
   19           | expression . '@' TYPEID '.' OBJECTID '(' expression_list ')'
   21           | IF expression . THEN expression ELSE expression FI
   31           | expression . '+' expression
   32           | expression . '-' expression
   33           | expression . '*' expression
   34           | expression . '/' expression
   36           | expression . '<' expression
   37           | expression . "<=" expression
   38           | expression . '=' expression

    THEN  shift, and go to state 81
    '<'   shift, and go to state 70
    '='   shift, and go to state 71
    '+'   shift, and go to state 72
    '-'   shift, and go to state 73
    '*'   shift, and go to state 74
    '/'   shift, and go to state 75
    '.'   shift, and go to state 77
    '@'   shift, and go to state 78
    "<="  shift, and go to state 79


state 58

   26 expression: LET OBJECTID . ':' TYPEID IN expression
   27           | LET OBJECTID . ':' TYPEID ASSIGN expression IN expression

    ':'  shift, and go to state 82


state 59

   18 expression: expression . '.' OBJECTID '(' expression_list ')'
   19           | expression . '@' TYPEID '.' OBJECTID '(' expression_list ')'
   22           | WHILE expression . LOOP expression POOL
   23           | WHILE expression . LOOP expression error
   24           | WHILE expression . error expression POOL
   31           | expression . '+' expression
   32           | expression . '-' expression
   33           | expression . '*' expression
   34           | expression . '/' expression
   36           | expression . '<' expression
   37           | expression . "<=" expression
   38           | expression . '=' expression

    error  shift, and go to state 83
    LOOP   shift, and go to state 84
    '<'    shift, and go to state 70
    '='    shift, and go to state 71
    '+'    shift, and go to state 72
    '-'    shift, and go to state 73
    '*'    shift, and go to state 74
    '/'    shift, and go to state 75
    '.'    shift, and go to state 77
    '@'    shift, and go to state 78
    "<="   shift, and go to state 79


state 60

   18 expression: expression . '.' OBJECTID '(' expression_list ')'
   19           | expression . '@' TYPEID '.' OBJECTID '(' expression_list ')'
   28           | CASE expression . OF case_list ESAC
   31           | expression . '+' expression
   32           | expression . '-' expression
   33           | expression . '*' expression
   34           | expression . '/' expression
   36           | expression . '<' expression
   37           | expression . "<=" expression
   38           | expression . '=' expression

    OF    shift, and go to state 85
    '<'   shift, and go to state 70
    '='   shift, and go to state 71
    '+'   shift, and go to state 72
    '-'   shift, and go to state 73
    '*'   shift, and go to state 74
    '/'   shift, and go to state 75
    '.'   shift, and go to state 77
    '@'   shift, and go to state 78
    "<="  shift, and go to state 79


state 61

   29 expression: NEW TYPEID .

    $default  reduce using rule 29 (expression)


state 62

   18 expression: expression . '.' OBJECTID '(' expression_list ')'
   19           | expression . '@' TYPEID '.' OBJECTID '(' expression_list ')'
   30           | ISVOID expression .
   31           | expression . '+' expression
   32           | expression . '-' expression
   33           | expression . '*' expression
   34           | expression . '/' expression
   36           | expression . '<' expression
   37           | expression . "<=" expression
   38           | expression . '=' expression

    '*'   shift, and go to state 74
    '/'   shift, and go to state 75
    '.'   shift, and go to state 77
    '@'   shift, and go to state 78
    "<="  shift, and go to state 79

    '.'       [reduce using rule 30 (expression)]
    '@'       [reduce using rule 30 (expression)]
    "<="      [reduce using rule 30 (expression)]
    $default  reduce using rule 30 (expression)


state 63

   17 expression: OBJECTID ASSIGN . expression

    error       shift, and go to state 38
    IF          shift, and go to state 39
    LET         shift, and go to state 40
    WHILE       shift, and go to state 41
    CASE        shift, and go to state 42
    NEW         shift, and go to state 43
    ISVOID      shift, and go to state 44
    STR_CONST   shift, and go to state 45
    INT_CONST   shift, and go to state 46
    BOOL_CONST  shift, and go to state 47
    OBJECTID    shift, and go to state 48
    NOT         shift, and go to state 49
    '~'         shift, and go to state 50
    '{'         shift, and go to state 51
    '('         shift, and go to state 52

    expression  go to state 86


state 64

   20 expression: OBJECTID '(' . expression_list ')'

    error       shift, and go to state 38
    IF          shift, and go to state 39
    LET         shift, and go to state 40
    WHILE       shift, and go to state 41
    CASE        shift, and go to state 42
    NEW         shift, and go to state 43
    ISVOID      shift, and go to state 44
    STR_CONST   shift, and go to state 45
    INT_CONST   shift, and go to state 46
    BOOL_CONST  shift, and go to state 47
    OBJECTID    shift, and go to state 48
    NOT         shift, and go to state 49
    '~'         shift, and go to state 50
    '{'         shift, and go to state 51
    '('         shift, and go to state 52

    error       [reduce using rule 46 (expression_list)]
    IF          [reduce using rule 46 (expression_list)]
    LET         [reduce using rule 46 (expression_list)]
    WHILE       [reduce using rule 46 (expression_list)]
    CASE        [reduce using rule 46 (expression_list)]
    NEW         [reduce using rule 46 (expression_list)]
    ISVOID      [reduce using rule 46 (expression_list)]
    STR_CONST   [reduce using rule 46 (expression_list)]
    INT_CONST   [reduce using rule 46 (expression_list)]
    BOOL_CONST  [reduce using rule 46 (expression_list)]
    OBJECTID    [reduce using rule 46 (expression_list)]
    NOT         [reduce using rule 46 (expression_list)]
    '~'         [reduce using rule 46 (expression_list)]
    '{'         [reduce using rule 46 (expression_list)]
    '('         [reduce using rule 46 (expression_list)]
    ')'         reduce using rule 46 (expression_list)

    expression       go to state 67
    expression_list  go to state 87


state 65

   18 expression: expression . '.' OBJECTID '(' expression_list ')'
   19           | expression . '@' TYPEID '.' OBJECTID '(' expression_list ')'
   31           | expression . '+' expression
   32           | expression . '-' expression
   33           | expression . '*' expression
   34           | expression . '/' expression
   36           | expression . '<' expression
   37           | expression . "<=" expression
   38           | expression . '=' expression
   39           | NOT expression .

    '<'   shift, and go to state 70
    '='   shift, and go to state 71
    '+'   shift, and go to state 72
    '-'   shift, and go to state 73
    '*'   shift, and go to state 74
    '/'   shift, and go to state 75
    '.'   shift, and go to state 77
    '@'   shift, and go to state 78
    "<="  shift, and go to state 79

    '<'       [reduce using rule 39 (expression)]
    '='       [reduce using rule 39 (expression)]
    '+'       [reduce using rule 39 (expression)]
    '-'       [reduce using rule 39 (expression)]
    '*'       [reduce using rule 39 (expression)]
    '/'       [reduce using rule 39 (expression)]
    '.'       [reduce using rule 39 (expression)]
    '@'       [reduce using rule 39 (expression)]
    "<="      [reduce using rule 39 (expression)]
    $default  reduce using rule 39 (expression)


state 66

   18 expression: expression . '.' OBJECTID '(' expression_list ')'
   19           | expression . '@' TYPEID '.' OBJECTID '(' expression_list ')'
   31           | expression . '+' expression
   32           | expression . '-' expression
   33           | expression . '*' expression
   34           | expression . '/' expression
   35           | '~' expression .
   36           | expression . '<' expression
   37           | expression . "<=" expression
   38           | expression . '=' expression

    '.'   shift, and go to state 77
    '@'   shift, and go to state 78
    "<="  shift, and go to state 79

    '.'       [reduce using rule 35 (expression)]
    '@'       [reduce using rule 35 (expression)]
    "<="      [reduce using rule 35 (expression)]
    $default  reduce using rule 35 (expression)


state 67

   18 expression: expression . '.' OBJECTID '(' expression_list ')'
   19           | expression . '@' TYPEID '.' OBJECTID '(' expression_list ')'
   31           | expression . '+' expression
   32           | expression . '-' expression
   33           | expression . '*' expression
   34           | expression . '/' expression
   36           | expression . '<' expression
   37           | expression . "<=" expression
   38           | expression . '=' expression
   47 expression_list: expression . ';'

    '<'   shift, and go to state 70
    '='   shift, and go to state 71
    '+'   shift, and go to state 72
    '-'   shift, and go to state 73
    '*'   shift, and go to state 74
    '/'   shift, and go to state 75
    ';'   shift, and go to state 88
    '.'   shift, and go to state 77
    '@'   shift, and go to state 78
    "<="  shift, and go to state 79


state 68

   25 expression: '{' expression_list . '}'
   48 expression_list: expression_list . expression ';'

    error       shift, and go to state 38
    IF          shift, and go to state 39
    LET         shift, and go to state 40
    WHILE       shift, and go to state 41
    CASE        shift, and go to state 42
    NEW         shift, and go to state 43
    ISVOID      shift, and go to state 44
    STR_CONST   shift, and go to state 45
    INT_CONST   shift, and go to state 46
    BOOL_CONST  shift, and go to state 47
    OBJECTID    shift, and go to state 48
    NOT         shift, and go to state 49
    '~'         shift, and go to state 50
    '{'         shift, and go to state 51
    '}'         shift, and go to state 89
    '('         shift, and go to state 52

    expression  go to state 90


state 69

   18 expression: expression . '.' OBJECTID '(' expression_list ')'
   19           | expression . '@' TYPEID '.' OBJECTID '(' expression_list ')'
   31           | expression . '+' expression
   32           | expression . '-' expression
   33           | expression . '*' expression
   34           | expression . '/' expression
   36           | expression . '<' expression
   37           | expression . "<=" expression
   38           | expression . '=' expression
   40           | '(' expression . ')'

    '<'   shift, and go to state 70
    '='   shift, and go to state 71
    '+'   shift, and go to state 72
    '-'   shift, and go to state 73
    '*'   shift, and go to state 74
    '/'   shift, and go to state 75
    ')'   shift, and go to state 91
    '.'   shift, and go to state 77
    '@'   shift, and go to state 78
    "<="  shift, and go to state 79


state 70

   36 expression: expression '<' . expression

    error       shift, and go to state 38
    IF          shift, and go to state 39
    LET         shift, and go to state 40
    WHILE       shift, and go to state 41
    CASE        shift, and go to state 42
    NEW         shift, and go to state 43
    ISVOID      shift, and go to state 44
    STR_CONST   shift, and go to state 45
    INT_CONST   shift, and go to state 46
    BOOL_CONST  shift, and go to state 47
    OBJECTID    shift, and go to state 48
    NOT         shift, and go to state 49
    '~'         shift, and go to state 50
    '{'         shift, and go to state 51
    '('         shift, and go to state 52

    expression  go to state 92


state 71

   38 expression: expression '=' . expression

    error       shift, and go to state 38
    IF          shift, and go to state 39
    LET         shift, and go to state 40
    WHILE       shift, and go to state 41
    CASE        shift, and go to state 42
    NEW         shift, and go to state 43
    ISVOID      shift, and go to state 44
    STR_CONST   shift, and go to state 45
    INT_CONST   shift, and go to state 46
    BOOL_CONST  shift, and go to state 47
    OBJECTID    shift, and go to state 48
    NOT         shift, and go to state 49
    '~'         shift, and go to state 50
    '{'         shift, and go to state 51
    '('         shift, and go to state 52

    expression  go to state 93


state 72

   31 expression: expression '+' . expression

    error       shift, and go to state 38
    IF          shift, and go to state 39
    LET         shift, and go to state 40
    WHILE       shift, and go to state 41
    CASE        shift, and go to state 42
    NEW         shift, and go to state 43
    ISVOID      shift, and go to state 44
    STR_CONST   shift, and go to state 45
    INT_CONST   shift, and go to state 46
    BOOL_CONST  shift, and go to state 47
    OBJECTID    shift, and go to state 48
    NOT         shift, and go to state 49
    '~'         shift, and go to state 50
    '{'         shift, and go to state 51
    '('         shift, and go to state 52

    expression  go to state 94


state 73

   32 expression: expression '-' . expression

    error       shift, and go to state 38
    IF          shift, and go to state 39
    LET         shift, and go to state 40
    WHILE       shift, and go to state 41
    CASE        shift, and go to state 42
    NEW         shift, and go to state 43
    ISVOID      shift, and go to state 44
    STR_CONST   shift, and go to state 45
    INT_CONST   shift, and go to state 46
    BOOL_CONST  shift, and go to state 47
    OBJECTID    shift, and go to state 48
    NOT         shift, and go to state 49
    '~'         shift, and go to state 50
    '{'         shift, and go to state 51
    '('         shift, and go to state 52

    expression  go to state 95


state 74

   33 expression: expression '*' . expression

    error       shift, and go to state 38
    IF          shift, and go to state 39
    LET         shift, and go to state 40
    WHILE       shift, and go to state 41
    CASE        shift, and go to state 42
    NEW         shift, and go to state 43
    ISVOID      shift, and go to state 44
    STR_CONST   shift, and go to state 45
    INT_CONST   shift, and go to state 46
    BOOL_CONST  shift, and go to state 47
    OBJECTID    shift, and go to state 48
    NOT         shift, and go to state 49
    '~'         shift, and go to state 50
    '{'         shift, and go to state 51
    '('         shift, and go to state 52

    expression  go to state 96


state 75

   34 expression: expression '/' . expression

    error       shift, and go to state 38
    IF          shift, and go to state 39
    LET         shift, and go to state 40
    WHILE       shift, and go to state 41
    CASE        shift, and go to state 42
    NEW         shift, and go to state 43
    ISVOID      shift, and go to state 44
    STR_CONST   shift, and go to state 45
    INT_CONST   shift, and go to state 46
    BOOL_CONST  shift, and go to state 47
    OBJECTID    shift, and go to state 48
    NOT         shift, and go to state 49
    '~'         shift, and go to state 50
    '{'         shift, and go to state 51
    '('         shift, and go to state 52

    expression  go to state 97


state 76

   11 feature: OBJECTID ':' TYPEID ASSIGN expression ';' .

    $default  reduce using rule 11 (feature)


state 77

   18 expression: expression '.' . OBJECTID '(' expression_list ')'

    OBJECTID  shift, and go to state 98


state 78

   19 expression: expression '@' . TYPEID '.' OBJECTID '(' expression_list ')'

    TYPEID  shift, and go to state 99


state 79

   37 expression: expression "<=" . expression

    error       shift, and go to state 38
    IF          shift, and go to state 39
    LET         shift, and go to state 40
    WHILE       shift, and go to state 41
    CASE        shift, and go to state 42
    NEW         shift, and go to state 43
    ISVOID      shift, and go to state 44
    STR_CONST   shift, and go to state 45
    INT_CONST   shift, and go to state 46
    BOOL_CONST  shift, and go to state 47
    OBJECTID    shift, and go to state 48
    NOT         shift, and go to state 49
    '~'         shift, and go to state 50
    '{'         shift, and go to state 51
    '('         shift, and go to state 52

    expression  go to state 100


state 80

   12 feature: OBJECTID '(' formal_list ')' ':' TYPEID . '{' expression '}' ';'

    '{'  shift, and go to state 101


state 81

   21 expression: IF expression THEN . expression ELSE expression FI

    error       shift, and go to state 38
    IF          shift, and go to state 39
    LET         shift, and go to state 40
    WHILE       shift, and go to state 41
    CASE        shift, and go to state 42
    NEW         shift, and go to state 43
    ISVOID      shift, and go to state 44
    STR_CONST   shift, and go to state 45
    INT_CONST   shift, and go to state 46
    BOOL_CONST  shift, and go to state 47
    OBJECTID    shift, and go to state 48
    NOT         shift, and go to state 49
    '~'         shift, and go to state 50
    '{'         shift, and go to state 51
    '('         shift, and go to state 52

    expression  go to state 102


state 82

   26 expression: LET OBJECTID ':' . TYPEID IN expression
   27           | LET OBJECTID ':' . TYPEID ASSIGN expression IN expression

    TYPEID  shift, and go to state 103


state 83

   24 expression: WHILE expression error . expression POOL

    error       shift, and go to state 38
    IF          shift, and go to state 39
    LET         shift, and go to state 40
    WHILE       shift, and go to state 41
    CASE        shift, and go to state 42
    NEW         shift, and go to state 43
    ISVOID      shift, and go to state 44
    STR_CONST   shift, and go to state 45
    INT_CONST   shift, and go to state 46
    BOOL_CONST  shift, and go to state 47
    OBJECTID    shift, and go to state 48
    NOT         shift, and go to state 49
    '~'         shift, and go to state 50
    '{'         shift, and go to state 51
    '('         shift, and go to state 52

    expression  go to state 104


state 84

   22 expression: WHILE expression LOOP . expression POOL
   23           | WHILE expression LOOP . expression error

    error       shift, and go to state 38
    IF          shift, and go to state 39
    LET         shift, and go to state 40
    WHILE       shift, and go to state 41
    CASE        shift, and go to state 42
    NEW         shift, and go to state 43
    ISVOID      shift, and go to state 44
    STR_CONST   shift, and go to state 45
    INT_CONST   shift, and go to state 46
    BOOL_CONST  shift, and go to state 47
    OBJECTID    shift, and go to state 48
    NOT         shift, and go to state 49
    '~'         shift, and go to state 50
    '{'         shift, and go to state 51
    '('         shift, and go to state 52

    expression  go to state 105


state 85

   28 expression: CASE expression OF . case_list ESAC

    OBJECTID  shift, and go to state 106

    case_list  go to state 107
    case       go to state 108


state 86

   17 expression: OBJECTID ASSIGN expression .
   18           | expression . '.' OBJECTID '(' expression_list ')'
   19           | expression . '@' TYPEID '.' OBJECTID '(' expression_list ')'
   31           | expression . '+' expression
   32           | expression . '-' expression
   33           | expression . '*' expression
   34           | expression . '/' expression
   36           | expression . '<' expression
   37           | expression . "<=" expression
   38           | expression . '=' expression

    '<'   shift, and go to state 70
    '='   shift, and go to state 71
    '+'   shift, and go to state 72
    '-'   shift, and go to state 73
    '*'   shift, and go to state 74
    '/'   shift, and go to state 75
    '.'   shift, and go to state 77
    '@'   shift, and go to state 78
    "<="  shift, and go to state 79

    '<'       [reduce using rule 17 (expression)]
    '='       [reduce using rule 17 (expression)]
    '+'       [reduce using rule 17 (expression)]
    '-'       [reduce using rule 17 (expression)]
    '*'       [reduce using rule 17 (expression)]
    '/'       [reduce using rule 17 (expression)]
    '.'       [reduce using rule 17 (expression)]
    '@'       [reduce using rule 17 (expression)]
    "<="      [reduce using rule 17 (expression)]
    $default  reduce using rule 17 (expression)


state 87

   20 expression: OBJECTID '(' expression_list . ')'
   48 expression_list: expression_list . expression ';'

    error       shift, and go to state 38
    IF          shift, and go to state 39
    LET         shift, and go to state 40
    WHILE       shift, and go to state 41
    CASE        shift, and go to state 42
    NEW         shift, and go to state 43
    ISVOID      shift, and go to state 44
    STR_CONST   shift, and go to state 45
    INT_CONST   shift, and go to state 46
    BOOL_CONST  shift, and go to state 47
    OBJECTID    shift, and go to state 48
    NOT         shift, and go to state 49
    '~'         shift, and go to state 50
    '{'         shift, and go to state 51
    '('         shift, and go to state 52
    ')'         shift, and go to state 109

    expression  go to state 90


state 88

   47 expression_list: expression ';' .

    $default  reduce using rule 47 (expression_list)


state 89

   25 expression: '{' expression_list '}' .

    $default  reduce using rule 25 (expression)


state 90

   18 expression: expression . '.' OBJECTID '(' expression_list ')'
   19           | expression . '@' TYPEID '.' OBJECTID '(' expression_list ')'
   31           | expression . '+' expression
   32           | expression . '-' expression
   33           | expression . '*' expression
   34           | expression . '/' expression
   36           | expression . '<' expression
   37           | expression . "<=" expression
   38           | expression . '=' expression
   48 expression_list: expression_list expression . ';'

    '<'   shift, and go to state 70
    '='   shift, and go to state 71
    '+'   shift, and go to state 72
    '-'   shift, and go to state 73
    '*'   shift, and go to state 74
    '/'   shift, and go to state 75
    ';'   shift, and go to state 110
    '.'   shift, and go to state 77
    '@'   shift, and go to state 78
    "<="  shift, and go to state 79


state 91

   40 expression: '(' expression ')' .

    $default  reduce using rule 40 (expression)


state 92

   18 expression: expression . '.' OBJECTID '(' expression_list ')'
   19           | expression . '@' TYPEID '.' OBJECTID '(' expression_list ')'
   31           | expression . '+' expression
   32           | expression . '-' expression
   33           | expression . '*' expression
   34           | expression . '/' expression
   36           | expression . '<' expression
   36           | expression '<' expression .
   37           | expression . "<=" expression
   38           | expression . '=' expression

    '+'   shift, and go to state 72
    '-'   shift, and go to state 73
    '*'   shift, and go to state 74
    '/'   shift, and go to state 75
    '.'   shift, and go to state 77
    '@'   shift, and go to state 78
    "<="  shift, and go to state 79

    '.'       [reduce using rule 36 (expression)]
    '@'       [reduce using rule 36 (expression)]
    "<="      [reduce using rule 36 (expression)]
    $default  reduce using rule 36 (expression)


state 93

   18 expression: expression . '.' OBJECTID '(' expression_list ')'
   19           | expression . '@' TYPEID '.' OBJECTID '(' expression_list ')'
   31           | expression . '+' expression
   32           | expression . '-' expression
   33           | expression . '*' expression
   34           | expression . '/' expression
   36           | expression . '<' expression
   37           | expression . "<=" expression
   38           | expression . '=' expression
   38           | expression '=' expression .

    '+'   shift, and go to state 72
    '-'   shift, and go to state 73
    '*'   shift, and go to state 74
    '/'   shift, and go to state 75
    '.'   shift, and go to state 77
    '@'   shift, and go to state 78
    "<="  shift, and go to state 79

    '.'       [reduce using rule 38 (expression)]
    '@'       [reduce using rule 38 (expression)]
    "<="      [reduce using rule 38 (expression)]
    $default  reduce using rule 38 (expression)


state 94

   18 expression: expression . '.' OBJECTID '(' expression_list ')'
   19           | expression . '@' TYPEID '.' OBJECTID '(' expression_list ')'
   31           | expression . '+' expression
   31           | expression '+' expression .
   32           | expression . '-' expression
   33           | expression . '*' expression
   34           | expression . '/' expression
   36           | expression . '<' expression
   37           | expression . "<=" expression
   38           | expression . '=' expression

    '*'   shift, and go to state 74
    '/'   shift, and go to state 75
    '.'   shift, and go to state 77
    '@'   shift, and go to state 78
    "<="  shift, and go to state 79

    '.'       [reduce using rule 31 (expression)]
    '@'       [reduce using rule 31 (expression)]
    "<="      [reduce using rule 31 (expression)]
    $default  reduce using rule 31 (expression)


state 95

   18 expression: expression . '.' OBJECTID '(' expression_list ')'
   19           | expression . '@' TYPEID '.' OBJECTID '(' expression_list ')'
   31           | expression . '+' expression
   32           | expression . '-' expression
   32           | expression '-' expression .
   33           | expression . '*' expression
   34           | expression . '/' expression
   36           | expression . '<' expression
   37           | expression . "<=" expression
   38           | expression . '=' expression

    '*'   shift, and go to state 74
    '/'   shift, and go to state 75
    '.'   shift, and go to state 77
    '@'   shift, and go to state 78
    "<="  shift, and go to state 79

    '.'       [reduce using rule 32 (expression)]
    '@'       [reduce using rule 32 (expression)]
    "<="      [reduce using rule 32 (expression)]
    $default  reduce using rule 32 (expression)


state 96

   18 expression: expression . '.' OBJECTID '(' expression_list ')'
   19           | expression . '@' TYPEID '.' OBJECTID '(' expression_list ')'
   31           | expression . '+' expression
   32           | expression . '-' expression
   33           | expression . '*' expression
   33           | expression '*' expression .
   34           | expression . '/' expression
   36           | expression . '<' expression
   37           | expression . "<=" expression
   38           | expression . '=' expression

    '.'   shift, and go to state 77
    '@'   shift, and go to state 78
    "<="  shift, and go to state 79

    '.'       [reduce using rule 33 (expression)]
    '@'       [reduce using rule 33 (expression)]
    "<="      [reduce using rule 33 (expression)]
    $default  reduce using rule 33 (expression)


state 97

   18 expression: expression . '.' OBJECTID '(' expression_list ')'
   19           | expression . '@' TYPEID '.' OBJECTID '(' expression_list ')'
   31           | expression . '+' expression
   32           | expression . '-' expression
   33           | expression . '*' expression
   34           | expression . '/' expression
   34           | expression '/' expression .
   36           | expression . '<' expression
   37           | expression . "<=" expression
   38           | expression . '=' expression

    '.'   shift, and go to state 77
    '@'   shift, and go to state 78
    "<="  shift, and go to state 79

    '.'       [reduce using rule 34 (expression)]
    '@'       [reduce using rule 34 (expression)]
    "<="      [reduce using rule 34 (expression)]
    $default  reduce using rule 34 (expression)


state 98

   18 expression: expression '.' OBJECTID . '(' expression_list ')'

    '('  shift, and go to state 111


state 99

   19 expression: expression '@' TYPEID . '.' OBJECTID '(' expression_list ')'

    '.'  shift, and go to state 112


state 100

   18 expression: expression . '.' OBJECTID '(' expression_list ')'
   19           | expression . '@' TYPEID '.' OBJECTID '(' expression_list ')'
   31           | expression . '+' expression
   32           | expression . '-' expression
   33           | expression . '*' expression
   34           | expression . '/' expression
   36           | expression . '<' expression
   37           | expression . "<=" expression
   37           | expression "<=" expression .
   38           | expression . '=' expression

    '<'   shift, and go to state 70
    '='   shift, and go to state 71
    '+'   shift, and go to state 72
    '-'   shift, and go to state 73
    '*'   shift, and go to state 74
    '/'   shift, and go to state 75
    '.'   shift, and go to state 77
    '@'   shift, and go to state 78
    "<="  shift, and go to state 79

    '<'       [reduce using rule 37 (expression)]
    '='       [reduce using rule 37 (expression)]
    '+'       [reduce using rule 37 (expression)]
    '-'       [reduce using rule 37 (expression)]
    '*'       [reduce using rule 37 (expression)]
    '/'       [reduce using rule 37 (expression)]
    '.'       [reduce using rule 37 (expression)]
    '@'       [reduce using rule 37 (expression)]
    "<="      [reduce using rule 37 (expression)]
    $default  reduce using rule 37 (expression)


state 101

   12 feature: OBJECTID '(' formal_list ')' ':' TYPEID '{' . expression '}' ';'

    error       shift, and go to state 38
    IF          shift, and go to state 39
    LET         shift, and go to state 40
    WHILE       shift, and go to state 41
    CASE        shift, and go to state 42
    NEW         shift, and go to state 43
    ISVOID      shift, and go to state 44
    STR_CONST   shift, and go to state 45
    INT_CONST   shift, and go to state 46
    BOOL_CONST  shift, and go to state 47
    OBJECTID    shift, and go to state 48
    NOT         shift, and go to state 49
    '~'         shift, and go to state 50
    '{'         shift, and go to state 51
    '('         shift, and go to state 52

    expression  go to state 113


state 102

   18 expression: expression . '.' OBJECTID '(' expression_list ')'
   19           | expression . '@' TYPEID '.' OBJECTID '(' expression_list ')'
   21           | IF expression THEN expression . ELSE expression FI
   31           | expression . '+' expression
   32           | expression . '-' expression
   33           | expression . '*' expression
   34           | expression . '/' expression
   36           | expression . '<' expression
   37           | expression . "<=" expression
   38           | expression . '=' expression

    ELSE  shift, and go to state 114
    '<'   shift, and go to state 70
    '='   shift, and go to state 71
    '+'   shift, and go to state 72
    '-'   shift, and go to state 73
    '*'   shift, and go to state 74
    '/'   shift, and go to state 75
    '.'   shift, and go to state 77
    '@'   shift, and go to state 78
    "<="  shift, and go to state 79


state 103

   26 expression: LET OBJECTID ':' TYPEID . IN expression
   27           | LET OBJECTID ':' TYPEID . ASSIGN expression IN expression

    IN      shift, and go to state 115
    ASSIGN  shift, and go to state 116


state 104

   18 expression: expression . '.' OBJECTID '(' expression_list ')'
   19           | expression . '@' TYPEID '.' OBJECTID '(' expression_list ')'
   24           | WHILE expression error expression . POOL
   31           | expression . '+' expression
   32           | expression . '-' expression
   33           | expression . '*' expression
   34           | expression . '/' expression
   36           | expression . '<' expression
   37           | expression . "<=" expression
   38           | expression . '=' expression

    POOL  shift, and go to state 117
    '<'   shift, and go to state 70
    '='   shift, and go to state 71
    '+'   shift, and go to state 72
    '-'   shift, and go to state 73
    '*'   shift, and go to state 74
    '/'   shift, and go to state 75
    '.'   shift, and go to state 77
    '@'   shift, and go to state 78
    "<="  shift, and go to state 79


state 105

   18 expression: expression . '.' OBJECTID '(' expression_list ')'
   19           | expression . '@' TYPEID '.' OBJECTID '(' expression_list ')'
   22           | WHILE expression LOOP expression . POOL
   23           | WHILE expression LOOP expression . error
   31           | expression . '+' expression
   32           | expression . '-' expression
   33           | expression . '*' expression
   34           | expression . '/' expression
   36           | expression . '<' expression
   37           | expression . "<=" expression
   38           | expression . '=' expression

    error  shift, and go to state 118
    POOL   shift, and go to state 119
    '<'    shift, and go to state 70
    '='    shift, and go to state 71
    '+'    shift, and go to state 72
    '-'    shift, and go to state 73
    '*'    shift, and go to state 74
    '/'    shift, and go to state 75
    '.'    shift, and go to state 77
    '@'    shift, and go to state 78
    "<="   shift, and go to state 79


state 106

   51 case: OBJECTID . ':' TYPEID DARROW expression ';'

    ':'  shift, and go to state 120


state 107

   28 expression: CASE expression OF case_list . ESAC
   50 case_list: case_list . case

    ESAC      shift, and go to state 121
    OBJECTID  shift, and go to state 106

    case  go to state 122


state 108

   49 case_list: case .

    $default  reduce using rule 49 (case_list)


state 109

   20 expression: OBJECTID '(' expression_list ')' .

    $default  reduce using rule 20 (expression)


state 110

   48 expression_list: expression_list expression ';' .

    $default  reduce using rule 48 (expression_list)


state 111

   18 expression: expression '.' OBJECTID '(' . expression_list ')'

    error       shift, and go to state 38
    IF          shift, and go to state 39
    LET         shift, and go to state 40
    WHILE       shift, and go to state 41
    CASE        shift, and go to state 42
    NEW         shift, and go to state 43
    ISVOID      shift, and go to state 44
    STR_CONST   shift, and go to state 45
    INT_CONST   shift, and go to state 46
    BOOL_CONST  shift, and go to state 47
    OBJECTID    shift, and go to state 48
    NOT         shift, and go to state 49
    '~'         shift, and go to state 50
    '{'         shift, and go to state 51
    '('         shift, and go to state 52

    error       [reduce using rule 46 (expression_list)]
    IF          [reduce using rule 46 (expression_list)]
    LET         [reduce using rule 46 (expression_list)]
    WHILE       [reduce using rule 46 (expression_list)]
    CASE        [reduce using rule 46 (expression_list)]
    NEW         [reduce using rule 46 (expression_list)]
    ISVOID      [reduce using rule 46 (expression_list)]
    STR_CONST   [reduce using rule 46 (expression_list)]
    INT_CONST   [reduce using rule 46 (expression_list)]
    BOOL_CONST  [reduce using rule 46 (expression_list)]
    OBJECTID    [reduce using rule 46 (expression_list)]
    NOT         [reduce using rule 46 (expression_list)]
    '~'         [reduce using rule 46 (expression_list)]
    '{'         [reduce using rule 46 (expression_list)]
    '('         [reduce using rule 46 (expression_list)]
    ')'         reduce using rule 46 (expression_list)

    expression       go to state 67
    expression_list  go to state 123


state 112

   19 expression: expression '@' TYPEID '.' . OBJECTID '(' expression_list ')'

    OBJECTID  shift, and go to state 124


state 113

   12 feature: OBJECTID '(' formal_list ')' ':' TYPEID '{' expression . '}' ';'
   18 expression: expression . '.' OBJECTID '(' expression_list ')'
   19           | expression . '@' TYPEID '.' OBJECTID '(' expression_list ')'
   31           | expression . '+' expression
   32           | expression . '-' expression
   33           | expression . '*' expression
   34           | expression . '/' expression
   36           | expression . '<' expression
   37           | expression . "<=" expression
   38           | expression . '=' expression

    '<'   shift, and go to state 70
    '='   shift, and go to state 71
    '+'   shift, and go to state 72
    '-'   shift, and go to state 73
    '*'   shift, and go to state 74
    '/'   shift, and go to state 75
    '}'   shift, and go to state 125
    '.'   shift, and go to state 77
    '@'   shift, and go to state 78
    "<="  shift, and go to state 79


state 114

   21 expression: IF expression THEN expression ELSE . expression FI

    error       shift, and go to state 38
    IF          shift, and go to state 39
    LET         shift, and go to state 40
    WHILE       shift, and go to state 41
    CASE        shift, and go to state 42
    NEW         shift, and go to state 43
    ISVOID      shift, and go to state 44
    STR_CONST   shift, and go to state 45
    INT_CONST   shift, and go to state 46
    BOOL_CONST  shift, and go to state 47
    OBJECTID    shift, and go to state 48
    NOT         shift, and go to state 49
    '~'         shift, and go to state 50
    '{'         shift, and go to state 51
    '('         shift, and go to state 52

    expression  go to state 126


state 115

   26 expression: LET OBJECTID ':' TYPEID IN . expression

    error       shift, and go to state 38
    IF          shift, and go to state 39
    LET         shift, and go to state 40
    WHILE       shift, and go to state 41
    CASE        shift, and go to state 42
    NEW         shift, and go to state 43
    ISVOID      shift, and go to state 44
    STR_CONST   shift, and go to state 45
    INT_CONST   shift, and go to state 46
    BOOL_CONST  shift, and go to state 47
    OBJECTID    shift, and go to state 48
    NOT         shift, and go to state 49
    '~'         shift, and go to state 50
    '{'         shift, and go to state 51
    '('         shift, and go to state 52

    expression  go to state 127


state 116

   27 expression: LET OBJECTID ':' TYPEID ASSIGN . expression IN expression

    error       shift, and go to state 38
    IF          shift, and go to state 39
    LET         shift, and go to state 40
    WHILE       shift, and go to state 41
    CASE        shift, and go to state 42
    NEW         shift, and go to state 43
    ISVOID      shift, and go to state 44
    STR_CONST   shift, and go to state 45
    INT_CONST   shift, and go to state 46
    BOOL_CONST  shift, and go to state 47
    OBJECTID    shift, and go to state 48
    NOT         shift, and go to state 49
    '~'         shift, and go to state 50
    '{'         shift, and go to state 51
    '('         shift, and go to state 52

    expression  go to state 128


state 117

   24 expression: WHILE expression error expression POOL .

    $default  reduce using rule 24 (expression)


state 118

   23 expression: WHILE expression LOOP expression error .

    $default  reduce using rule 23 (expression)


state 119

   22 expression: WHILE expression LOOP expression POOL .

    $default  reduce using rule 22 (expression)


state 120

   51 case: OBJECTID ':' . TYPEID DARROW expression ';'

    TYPEID  shift, and go to state 129


state 121

   28 expression: CASE expression OF case_list ESAC .

    $default  reduce using rule 28 (expression)


state 122

   50 case_list: case_list case .

    $default  reduce using rule 50 (case_list)


state 123

   18 expression: expression '.' OBJECTID '(' expression_list . ')'
   48 expression_list: expression_list . expression ';'

    error       shift, and go to state 38
    IF          shift, and go to state 39
    LET         shift, and go to state 40
    WHILE       shift, and go to state 41
    CASE        shift, and go to state 42
    NEW         shift, and go to state 43
    ISVOID      shift, and go to state 44
    STR_CONST   shift, and go to state 45
    INT_CONST   shift, and go to state 46
    BOOL_CONST  shift, and go to state 47
    OBJECTID    shift, and go to state 48
    NOT         shift, and go to state 49
    '~'         shift, and go to state 50
    '{'         shift, and go to state 51
    '('         shift, and go to state 52
    ')'         shift, and go to state 130

    expression  go to state 90


state 124

   19 expression: expression '@' TYPEID '.' OBJECTID . '(' expression_list ')'

    '('  shift, and go to state 131


state 125

   12 feature: OBJECTID '(' formal_list ')' ':' TYPEID '{' expression '}' . ';'

    ';'  shift, and go to state 132


state 126

   18 expression: expression . '.' OBJECTID '(' expression_list ')'
   19           | expression . '@' TYPEID '.' OBJECTID '(' expression_list ')'
   21           | IF expression THEN expression ELSE expression . FI
   31           | expression . '+' expression
   32           | expression . '-' expression
   33           | expression . '*' expression
   34           | expression . '/' expression
   36           | expression . '<' expression
   37           | expression . "<=" expression
   38           | expression . '=' expression

    FI    shift, and go to state 133
    '<'   shift, and go to state 70
    '='   shift, and go to state 71
    '+'   shift, and go to state 72
    '-'   shift, and go to state 73
    '*'   shift, and go to state 74
    '/'   shift, and go to state 75
    '.'   shift, and go to state 77
    '@'   shift, and go to state 78
    "<="  shift, and go to state 79


state 127

   18 expression: expression . '.' OBJECTID '(' expression_list ')'
   19           | expression . '@' TYPEID '.' OBJECTID '(' expression_list ')'
   26           | LET OBJECTID ':' TYPEID IN expression .
   31           | expression . '+' expression
   32           | expression . '-' expression
   33           | expression . '*' expression
   34           | expression . '/' expression
   36           | expression . '<' expression
   37           | expression . "<=" expression
   38           | expression . '=' expression

    '<'   shift, and go to state 70
    '='   shift, and go to state 71
    '+'   shift, and go to state 72
    '-'   shift, and go to state 73
    '*'   shift, and go to state 74
    '/'   shift, and go to state 75
    '.'   shift, and go to state 77
    '@'   shift, and go to state 78
    "<="  shift, and go to state 79

    '<'       [reduce using rule 26 (expression)]
    '='       [reduce using rule 26 (expression)]
    '+'       [reduce using rule 26 (expression)]
    '-'       [reduce using rule 26 (expression)]
    '*'       [reduce using rule 26 (expression)]
    '/'       [reduce using rule 26 (expression)]
    '.'       [reduce using rule 26 (expression)]
    '@'       [reduce using rule 26 (expression)]
    "<="      [reduce using rule 26 (expression)]
    $default  reduce using rule 26 (expression)


state 128

   18 expression: expression . '.' OBJECTID '(' expression_list ')'
   19           | expression . '@' TYPEID '.' OBJECTID '(' expression_list ')'
   27           | LET OBJECTID ':' TYPEID ASSIGN expression . IN expression
   31           | expression . '+' expression
   32           | expression . '-' expression
   33           | expression . '*' expression
   34           | expression . '/' expression
   36           | expression . '<' expression
   37           | expression . "<=" expression
   38           | expression . '=' expression

    IN    shift, and go to state 134
    '<'   shift, and go to state 70
    '='   shift, and go to state 71
    '+'   shift, and go to state 72
    '-'   shift, and go to state 73
    '*'   shift, and go to state 74
    '/'   shift, and go to state 75
    '.'   shift, and go to state 77
    '@'   shift, and go to state 78
    "<="  shift, and go to state 79


state 129

   51 case: OBJECTID ':' TYPEID . DARROW expression ';'

    DARROW  shift, and go to state 135


state 130

   18 expression: expression '.' OBJECTID '(' expression_list ')' .

    $default  reduce using rule 18 (expression)


state 131

   19 expression: expression '@' TYPEID '.' OBJECTID '(' . expression_list ')'

    error       shift, and go to state 38
    IF          shift, and go to state 39
    LET         shift, and go to state 40
    WHILE       shift, and go to state 41
    CASE        shift, and go to state 42
    NEW         shift, and go to state 43
    ISVOID      shift, and go to state 44
    STR_CONST   shift, and go to state 45
    INT_CONST   shift, and go to state 46
    BOOL_CONST  shift, and go to state 47
    OBJECTID    shift, and go to state 48
    NOT         shift, and go to state 49
    '~'         shift, and go to state 50
    '{'         shift, and go to state 51
    '('         shift, and go to state 52

    error       [reduce using rule 46 (expression_list)]
    IF          [reduce using rule 46 (expression_list)]
    LET         [reduce using rule 46 (expression_list)]
    WHILE       [reduce using rule 46 (expression_list)]
    CASE        [reduce using rule 46 (expression_list)]
    NEW         [reduce using rule 46 (expression_list)]
    ISVOID      [reduce using rule 46 (expression_list)]
    STR_CONST   [reduce using rule 46 (expression_list)]
    INT_CONST   [reduce using rule 46 (expression_list)]
    BOOL_CONST  [reduce using rule 46 (expression_list)]
    OBJECTID    [reduce using rule 46 (expression_list)]
    NOT         [reduce using rule 46 (expression_list)]
    '~'         [reduce using rule 46 (expression_list)]
    '{'         [reduce using rule 46 (expression_list)]
    '('         [reduce using rule 46 (expression_list)]
    ')'         reduce using rule 46 (expression_list)

    expression       go to state 67
    expression_list  go to state 136


state 132

   12 feature: OBJECTID '(' formal_list ')' ':' TYPEID '{' expression '}' ';' .

    $default  reduce using rule 12 (feature)


state 133

   21 expression: IF expression THEN expression ELSE expression FI .

    $default  reduce using rule 21 (expression)


state 134

   27 expression: LET OBJECTID ':' TYPEID ASSIGN expression IN . expression

    error       shift, and go to state 38
    IF          shift, and go to state 39
    LET         shift, and go to state 40
    WHILE       shift, and go to state 41
    CASE        shift, and go to state 42
    NEW         shift, and go to state 43
    ISVOID      shift, and go to state 44
    STR_CONST   shift, and go to state 45
    INT_CONST   shift, and go to state 46
    BOOL_CONST  shift, and go to state 47
    OBJECTID    shift, and go to state 48
    NOT         shift, and go to state 49
    '~'         shift, and go to state 50
    '{'         shift, and go to state 51
    '('         shift, and go to state 52

    expression  go to state 137


state 135

   51 case: OBJECTID ':' TYPEID DARROW . expression ';'

    error       shift, and go to state 38
    IF          shift, and go to state 39
    LET         shift, and go to state 40
    WHILE       shift, and go to state 41
    CASE        shift, and go to state 42
    NEW         shift, and go to state 43
    ISVOID      shift, and go to state 44
    STR_CONST   shift, and go to state 45
    INT_CONST   shift, and go to state 46
    BOOL_CONST  shift, and go to state 47
    OBJECTID    shift, and go to state 48
    NOT         shift, and go to state 49
    '~'         shift, and go to state 50
    '{'         shift, and go to state 51
    '('         shift, and go to state 52

    expression  go to state 138


state 136

   19 expression: expression '@' TYPEID '.' OBJECTID '(' expression_list . ')'
   48 expression_list: expression_list . expression ';'

    error       shift, and go to state 38
    IF          shift, and go to state 39
    LET         shift, and go to state 40
    WHILE       shift, and go to state 41
    CASE        shift, and go to state 42
    NEW         shift, and go to state 43
    ISVOID      shift, and go to state 44
    STR_CONST   shift, and go to state 45
    INT_CONST   shift, and go to state 46
    BOOL_CONST  shift, and go to state 47
    OBJECTID    shift, and go to state 48
    NOT         shift, and go to state 49
    '~'         shift, and go to state 50
    '{'         shift, and go to state 51
    '('         shift, and go to state 52
    ')'         shift, and go to state 139

    expression  go to state 90


state 137

   18 expression: expression . '.' OBJECTID '(' expression_list ')'
   19           | expression . '@' TYPEID '.' OBJECTID '(' expression_list ')'
   27           | LET OBJECTID ':' TYPEID ASSIGN expression IN expression .
   31           | expression . '+' expression
   32           | expression . '-' expression
   33           | expression . '*' expression
   34           | expression . '/' expression
   36           | expression . '<' expression
   37           | expression . "<=" expression
   38           | expression . '=' expression

    '<'   shift, and go to state 70
    '='   shift, and go to state 71
    '+'   shift, and go to state 72
    '-'   shift, and go to state 73
    '*'   shift, and go to state 74
    '/'   shift, and go to state 75
    '.'   shift, and go to state 77
    '@'   shift, and go to state 78
    "<="  shift, and go to state 79

    '<'       [reduce using rule 27 (expression)]
    '='       [reduce using rule 27 (expression)]
    '+'       [reduce using rule 27 (expression)]
    '-'       [reduce using rule 27 (expression)]
    '*'       [reduce using rule 27 (expression)]
    '/'       [reduce using rule 27 (expression)]
    '.'       [reduce using rule 27 (expression)]
    '@'       [reduce using rule 27 (expression)]
    "<="      [reduce using rule 27 (expression)]
    $default  reduce using rule 27 (expression)


state 138

   18 expression: expression . '.' OBJECTID '(' expression_list ')'
   19           | expression . '@' TYPEID '.' OBJECTID '(' expression_list ')'
   31           | expression . '+' expression
   32           | expression . '-' expression
   33           | expression . '*' expression
   34           | expression . '/' expression
   36           | expression . '<' expression
   37           | expression . "<=" expression
   38           | expression . '=' expression
   51 case: OBJECTID ':' TYPEID DARROW expression . ';'

    '<'   shift, and go to state 70
    '='   shift, and go to state 71
    '+'   shift, and go to state 72
    '-'   shift, and go to state 73
    '*'   shift, and go to state 74
    '/'   shift, and go to state 75
    ';'   shift, and go to state 140
    '.'   shift, and go to state 77
    '@'   shift, and go to state 78
    "<="  shift, and go to state 79


state 139

   19 expression: expression '@' TYPEID '.' OBJECTID '(' expression_list ')' .

    $default  reduce using rule 19 (expression)


state 140

   51 case: OBJECTID ':' TYPEID DARROW expression ';' .

    $default  reduce using rule 51 (case)
